[2021-06-29 08:29:01] main.INFO: Information message... [] []
[2021-06-29 08:29:01] main.DEBUG: dbg message [] []
[2021-06-29 08:44:08] main.INFO:  select * from bet_records where id not in (     select id from    bet_record_ext where sync_flag = 1)   order by rand() desc limit 1 ;    [] []
[2021-06-29 08:45:50] main.INFO:  select * from bet_records where id not in (     select id from    bet_record_ext where sync_flag = 1)   order by rand() desc limit 1 ;    [] []
[2021-06-29 08:46:27] main.INFO:  select * from bet_records where id not in (     select id from    bet_record_ext where sync_flag = 1)   order by rand() desc limit 1 ;    [] []
[2021-06-29 08:46:27] main.INFO:  select * from bet_records where id not in (     select id from    bet_record_ext where sync_flag = 1)   order by rand() desc limit 1 ;    [] []
[2021-06-29 08:46:28] main.INFO: insert bet_record_ext set sync_flag=1, id=29 [] []
[2021-06-29 17:04:55] main.INFO: Information message... [] []
[2021-06-29 17:04:55] main.DEBUG: dbg message [] []
[2021-06-29 17:05:22] main.INFO: Information message... [] []
[2021-06-29 17:05:22] main.DEBUG: dbg message [] []
[2021-06-29 20:18:13] main.INFO:  select * from bet_records where id not in (     select id from    bet_record_ext where sync_flag = 1)   order by rand() desc limit 1 ;    [] []
[2021-06-29 20:18:13] main.INFO:  select * from bet_records where id not in (     select id from    bet_record_ext where sync_flag = 1)   order by rand() desc limit 1 ;    [] []
[2021-06-29 20:18:13] main.INFO: https://7398c09d63b0.ngrok.io/v1/api/order/build [] []
[2021-06-29 20:18:13] main.INFO: pstdata: {"appId":"n6Gt5uWMYfWRSWHL","orderNo":"maisyzd2021-04-26 09:43:49","issue":"2104260292","userId":"5","bet":"[15,25,35,45,5]","betNum":"1","betTime":"2021-04-26T09:43:49","lotteryCode":"98","betCode":"98","amount":"2","ip":"10.137.10.1","sign":"fd4a66e3e856ec36ee751ce55962db25"} []
[2021-06-29 20:18:14] main.INFO: insert bet_record_ext set sync_flag=1, id=7 [] []
[2021-06-29 20:18:32] main.INFO:  select * from bet_records where id not in (     select id from    bet_record_ext where sync_flag = 1)   order by rand() desc limit 1 ;    [] []
[2021-06-29 20:18:32] main.INFO:  select * from bet_records where id not in (     select id from    bet_record_ext where sync_flag = 1)   order by rand() desc limit 1 ;    [] []
[2021-06-29 20:18:32] main.INFO: https://7398c09d63b0.ngrok.io/v1/api/order/build [] []
[2021-06-29 20:18:32] main.INFO: pstdata: {"appId":"n6Gt5uWMYfWRSWHL","orderNo":"facai20212021-04-25 17:22:43","issue":"2104251043","userId":"1","bet":"[,7,,,]","betNum":"1","betTime":"2021-04-25T17:22:43","lotteryCode":"13","betCode":"13","amount":"2","ip":"10.137.10.1","sign":"d72b006e8a85c9ec196b0c9863a3a14e"} []
[2021-06-29 20:18:32] main.INFO: insert bet_record_ext set sync_flag=1, id=1 [] []
[2021-06-30 17:06:01] main.INFO:  select * from bet_records where id not in (     select id from    bet_record_ext where sync_flag = 1)   order by rand() desc limit 1 ;    [] []
[2021-06-30 17:06:01] main.INFO:  select * from bet_records where id not in (     select id from    bet_record_ext where sync_flag = 1)   order by rand() desc limit 1 ;    [] []
[2021-06-30 17:06:02] main.INFO: https://7398c09d63b0.ngrok.io/v1/api/order/build [] []
[2021-06-30 17:06:02] main.INFO: pstdata: {"appId":"n6Gt5uWMYfWRSWHL","orderNo":"wind0032021-06-08 14:57:19","issue":"2106080898","userId":"11","bet":"[5,6,7,8,9]","betNum":"1","betTime":"2021-06-08T14:57:19","lotteryCode":"116","betCode":"116","amount":"2","ip":"10.137.10.1","sign":"eb168d37864c335e389900277b4bf5b9"} []
[2021-06-30 17:06:02] main.INFO: insert bet_record_ext set sync_flag=1, id=119 [] []
[2021-06-30 17:06:07] main.INFO:  select * from bet_records where id not in (     select id from    bet_record_ext where sync_flag = 1)   order by rand() desc limit 1 ;    [] []
[2021-06-30 17:06:07] main.INFO:  select * from bet_records where id not in (     select id from    bet_record_ext where sync_flag = 1)   order by rand() desc limit 1 ;    [] []
[2021-06-30 17:06:07] main.INFO: https://7398c09d63b0.ngrok.io/v1/api/order/build [] []
[2021-06-30 17:06:07] main.INFO: pstdata: {"appId":"n6Gt5uWMYfWRSWHL","orderNo":"wind0022021-06-04 15:06:29","issue":"210604055\"","userId":"9","bet":"[,,,,9]","betNum":"1","betTime":"2021-06-04T15:06:29","lotteryCode":"1","betCode":"1","amount":"2","ip":"10.137.10.1","sign":"8c9ad484bee03777d54d26c6d9386ea5"} []
[2021-06-30 17:06:07] main.INFO: insert bet_record_ext set sync_flag=1, id=75 [] []
[2021-06-30 17:06:12] main.INFO:  select * from bet_records where id not in (     select id from    bet_record_ext where sync_flag = 1)   order by rand() desc limit 1 ;    [] []
[2021-06-30 17:06:12] main.INFO:  select * from bet_records where id not in (     select id from    bet_record_ext where sync_flag = 1)   order by rand() desc limit 1 ;    [] []
[2021-06-30 17:06:12] main.INFO: https://7398c09d63b0.ngrok.io/v1/api/order/build [] []
[2021-06-30 17:06:12] main.INFO: pstdata: {"appId":"n6Gt5uWMYfWRSWHL","orderNo":"wind0042021-06-09 18:51:54","issue":"2106090566","userId":"12","bet":"[05 06 07 08]","betNum":"1","betTime":"2021-06-09T18:51:54","lotteryCode":"103","betCode":"103","amount":"2","ip":"10.137.10.1","sign":"d2eeabbae9ceb128d5fa280889bc34e3"} []
[2021-06-30 17:06:12] main.INFO: insert bet_record_ext set sync_flag=1, id=165 [] []
[2021-06-30 17:06:17] main.INFO:  select * from bet_records where id not in (     select id from    bet_record_ext where sync_flag = 1)   order by rand() desc limit 1 ;    [] []
[2021-06-30 17:06:17] main.INFO:  select * from bet_records where id not in (     select id from    bet_record_ext where sync_flag = 1)   order by rand() desc limit 1 ;    [] []
[2021-06-30 17:06:17] main.INFO: https://7398c09d63b0.ngrok.io/v1/api/order/build [] []
[2021-06-30 17:06:17] main.INFO: pstdata: {"appId":"n6Gt5uWMYfWRSWHL","orderNo":"wind0012021-06-08 15:25:16","issue":"2106080926","userId":"8","bet":"[9,9,9]","betNum":"1","betTime":"2021-06-08T15:25:16","lotteryCode":"116","betCode":"116","amount":"2","ip":"10.137.10.1","sign":"56130fbdcb0874467068d041d78cc110"} []
[2021-06-30 17:06:17] main.INFO: insert bet_record_ext set sync_flag=1, id=127 [] []
[2021-06-30 17:06:22] main.INFO:  select * from bet_records where id not in (     select id from    bet_record_ext where sync_flag = 1)   order by rand() desc limit 1 ;    [] []
[2021-06-30 17:06:22] main.INFO:  select * from bet_records where id not in (     select id from    bet_record_ext where sync_flag = 1)   order by rand() desc limit 1 ;    [] []
[2021-06-30 17:06:22] main.INFO: https://7398c09d63b0.ngrok.io/v1/api/order/build [] []
[2021-06-30 17:06:22] main.INFO: pstdata: {"appId":"n6Gt5uWMYfWRSWHL","orderNo":"wind0042021-06-11 14:39:34","issue":"2106110880","userId":"12","bet":"[1 2 3 4 5 6 8,4 5 6,5 6 7 8 9,5 6 7 8 9,5 6 7 8 9]","betNum":"1","betTime":"2021-06-11T14:39:34","lotteryCode":"105","betCode":"105","amount":"2","ip":"10.137.10.1","sign":"662d0617bc0a3bef99c2b7a5944bbfa9"} []
[2021-06-30 17:06:22] main.INFO: insert bet_record_ext set sync_flag=1, id=191 [] []
[2021-06-30 17:06:27] main.INFO:  select * from bet_records where id not in (     select id from    bet_record_ext where sync_flag = 1)   order by rand() desc limit 1 ;    [] []
[2021-06-30 17:06:27] main.INFO:  select * from bet_records where id not in (     select id from    bet_record_ext where sync_flag = 1)   order by rand() desc limit 1 ;    [] []
[2021-06-30 17:06:27] main.INFO: https://7398c09d63b0.ngrok.io/v1/api/order/build [] []
[2021-06-30 17:06:27] main.INFO: pstdata: {"appId":"n6Gt5uWMYfWRSWHL","orderNo":"wind0012021-06-08 14:06:04","issue":"2106080847","userId":"8","bet":"[12]","betNum":"1","betTime":"2021-06-08T14:06:04","lotteryCode":"116","betCode":"116","amount":"2","ip":"10.137.10.1","sign":"7da9bc919045ad4d1ac89968474a7fb9"} []
[2021-06-30 17:06:27] main.INFO: insert bet_record_ext set sync_flag=1, id=104 [] []
[2021-06-30 17:06:32] main.INFO:  select * from bet_records where id not in (     select id from    bet_record_ext where sync_flag = 1)   order by rand() desc limit 1 ;    [] []
[2021-06-30 17:06:32] main.INFO:  select * from bet_records where id not in (     select id from    bet_record_ext where sync_flag = 1)   order by rand() desc limit 1 ;    [] []
[2021-06-30 17:06:33] main.INFO: https://7398c09d63b0.ngrok.io/v1/api/order/build [] []
[2021-06-30 17:06:33] main.INFO: pstdata: {"appId":"n6Gt5uWMYfWRSWHL","orderNo":"wind0012021-05-11 13:22:22","issue":"2105110803","userId":"8","bet":"[1,2,3,4,5]","betNum":"1","betTime":"2021-05-11T13:22:22","lotteryCode":"101","betCode":"101","amount":"2","ip":"10.137.10.1","sign":"b6ebfc28a7a05bbb610a42816476609e"} []
[2021-06-30 17:06:33] main.INFO: insert bet_record_ext set sync_flag=1, id=18 [] []
[2021-06-30 17:06:38] main.INFO:  select * from bet_records where id not in (     select id from    bet_record_ext where sync_flag = 1)   order by rand() desc limit 1 ;    [] []
[2021-06-30 17:06:38] main.INFO:  select * from bet_records where id not in (     select id from    bet_record_ext where sync_flag = 1)   order by rand() desc limit 1 ;    [] []
[2021-06-30 17:06:38] main.INFO: https://7398c09d63b0.ngrok.io/v1/api/order/build [] []
[2021-06-30 17:06:38] main.INFO: pstdata: {"appId":"n6Gt5uWMYfWRSWHL","orderNo":"wind0022021-06-02 18:36:32","issue":"2106021117","userId":"9","bet":"[1,3,4,5,6]","betNum":"1","betTime":"2021-06-02T18:36:32","lotteryCode":"116","betCode":"116","amount":"2","ip":"10.137.10.1","sign":"fda9a5517384e5848f5fdc5840086458"} []
[2021-06-30 17:06:38] main.INFO: insert bet_record_ext set sync_flag=1, id=53 [] []
[2021-06-30 17:06:43] main.INFO:  select * from bet_records where id not in (     select id from    bet_record_ext where sync_flag = 1)   order by rand() desc limit 1 ;    [] []
[2021-06-30 17:06:43] main.INFO:  select * from bet_records where id not in (     select id from    bet_record_ext where sync_flag = 1)   order by rand() desc limit 1 ;    [] []
[2021-06-30 17:06:43] main.INFO: https://7398c09d63b0.ngrok.io/v1/api/order/build [] []
[2021-06-30 17:06:43] main.INFO: pstdata: {"appId":"n6Gt5uWMYfWRSWHL","orderNo":"wind0012021-05-28 19:04:03","issue":"2105281145","userId":"8","bet":"[12345]","betNum":"1","betTime":"2021-05-28T19:04:03","lotteryCode":"116","betCode":116,"amount":2,"ip":"10.137.10.1","sign":"2e49f48a85726d303cf45b8e96856158"} []
[2021-06-30 17:06:43] main.INFO: insert bet_record_ext set sync_flag=1, id=50 [] []
[2021-06-30 17:06:48] main.INFO:  select * from bet_records where id not in (     select id from    bet_record_ext where sync_flag = 1)   order by rand() desc limit 1 ;    [] []
[2021-06-30 17:06:48] main.INFO:  select * from bet_records where id not in (     select id from    bet_record_ext where sync_flag = 1)   order by rand() desc limit 1 ;    [] []
[2021-06-30 17:06:48] main.INFO: https://7398c09d63b0.ngrok.io/v1/api/order/build [] []
[2021-06-30 17:06:48] main.INFO: pstdata: {"appId":"n6Gt5uWMYfWRSWHL","orderNo":"wind0012021-05-11 13:22:14","issue":"2105110803","userId":"8","bet":"[1,2,3,4,]","betNum":"1","betTime":"2021-05-11T13:22:14","lotteryCode":"101","betCode":"101","amount":"2","ip":"10.137.10.1","sign":"6540e66df6da8182b6b00cbdeceadcf4"} []
[2021-06-30 17:06:48] main.INFO: insert bet_record_ext set sync_flag=1, id=17 [] []
[2021-06-30 17:06:53] main.INFO:  select * from bet_records where id not in (     select id from    bet_record_ext where sync_flag = 1)   order by rand() desc limit 1 ;    [] []
[2021-06-30 17:06:53] main.INFO:  select * from bet_records where id not in (     select id from    bet_record_ext where sync_flag = 1)   order by rand() desc limit 1 ;    [] []
[2021-06-30 17:06:54] main.INFO: https://7398c09d63b0.ngrok.io/v1/api/order/build [] []
[2021-06-30 17:06:54] main.INFO: pstdata: {"appId":"n6Gt5uWMYfWRSWHL","orderNo":"wind0022021-06-08 11:38:29","issue":"2106080699","userId":"9","bet":"[9,9,9,9,9]","betNum":"1","betTime":"2021-06-08T11:38:29","lotteryCode":"13","betCode":"13","amount":"2","ip":"10.137.10.1","sign":"61ce8d2bd0e39ce3fb591157a8e0dc6f"} []
[2021-06-30 17:06:54] main.INFO: insert bet_record_ext set sync_flag=1, id=98 [] []
[2021-06-30 17:06:59] main.INFO:  select * from bet_records where id not in (     select id from    bet_record_ext where sync_flag = 1)   order by rand() desc limit 1 ;    [] []
[2021-06-30 17:06:59] main.INFO:  select * from bet_records where id not in (     select id from    bet_record_ext where sync_flag = 1)   order by rand() desc limit 1 ;    [] []
[2021-06-30 17:06:59] main.INFO: https://7398c09d63b0.ngrok.io/v1/api/order/build [] []
[2021-06-30 17:06:59] main.INFO: pstdata: {"appId":"n6Gt5uWMYfWRSWHL","orderNo":"wind0012021-06-08 15:05:05","issue":"2106080906","userId":"8","bet":"[9,9,9]","betNum":"1","betTime":"2021-06-08T15:05:05","lotteryCode":"116","betCode":"116","amount":"2","ip":"10.137.10.1","sign":"ea688d964dfd9c5b510f033d702bbf64"} []
[2021-06-30 17:06:59] main.INFO: insert bet_record_ext set sync_flag=1, id=124 [] []
[2021-06-30 17:07:04] main.INFO:  select * from bet_records where id not in (     select id from    bet_record_ext where sync_flag = 1)   order by rand() desc limit 1 ;    [] []
[2021-06-30 17:07:04] main.INFO:  select * from bet_records where id not in (     select id from    bet_record_ext where sync_flag = 1)   order by rand() desc limit 1 ;    [] []
[2021-06-30 17:07:04] main.INFO: https://7398c09d63b0.ngrok.io/v1/api/order/build [] []
[2021-06-30 17:07:04] main.INFO: pstdata: {"appId":"n6Gt5uWMYfWRSWHL","orderNo":"wind0022021-06-03 18:29:50","issue":"2106031110","userId":"9","bet":"[5,6,7,8,9]","betNum":"1","betTime":"2021-06-03T18:29:50","lotteryCode":"116","betCode":"116","amount":"2","ip":"10.137.10.1","sign":"63477215156922c78e7095a85b84803f"} []
[2021-06-30 17:07:04] main.INFO: insert bet_record_ext set sync_flag=1, id=54 [] []
[2021-06-30 17:07:09] main.INFO:  select * from bet_records where id not in (     select id from    bet_record_ext where sync_flag = 1)   order by rand() desc limit 1 ;    [] []
[2021-06-30 17:07:09] main.INFO:  select * from bet_records where id not in (     select id from    bet_record_ext where sync_flag = 1)   order by rand() desc limit 1 ;    [] []
[2021-06-30 17:07:09] main.INFO: https://7398c09d63b0.ngrok.io/v1/api/order/build [] []
[2021-06-30 17:07:09] main.INFO: pstdata: {"appId":"n6Gt5uWMYfWRSWHL","orderNo":"wind0022021-05-28 17:30:16","issue":"2105281051","userId":"9","bet":"[1,2,3,4,5]","betNum":"1","betTime":"2021-05-28T17:30:16","lotteryCode":"116","betCode":"116","amount":"2","ip":"10.137.10.1","sign":"3fd2881d27e6569d32891844d3f7ebb3"} []
[2021-06-30 17:07:09] main.INFO: insert bet_record_ext set sync_flag=1, id=47 [] []
